0 info it worked if it ends with ok
1 verbose cli [ '/usr/local/bin/node', '/usr/local/bin/npm', 'link' ]
2 info using npm@1.2.18
3 info using node@v0.10.5
4 verbose linkPkg /Users/neil/Documents/work/saasy-cms
5 verbose read json /Users/neil/Documents/work/saasy-cms/package.json
6 error Error: EACCES, symlink '/Users/neil/Documents/work/saasy-cms'
6 error  { [Error: EACCES, symlink '/Users/neil/Documents/work/saasy-cms']
6 error   errno: 3,
6 error   code: 'EACCES',
6 error   path: '/Users/neil/Documents/work/saasy-cms' }
7 error Please try running this command again as root/Administrator.
8 error System Darwin 12.2.0
9 error command "/usr/local/bin/node" "/usr/local/bin/npm" "link"
10 error cwd /Users/neil/Documents/work/saasy-cms
11 error node -v v0.10.5
12 error npm -v 1.2.18
13 error path /Users/neil/Documents/work/saasy-cms
14 error code EACCES
15 error errno 3
16 error stack Error: EACCES, symlink '/Users/neil/Documents/work/saasy-cms'
17 verbose exit [ 3, true ]
